Using pre-set license

 COMMAND LINE ARGUMENTS:
/Users/hatanakashigeru/Unity/2020.3.16f1/Unity.app/Contents/MacOS/Unity
-adb2
-batchMode
-noUpm
-name
AssetImportWorker0
-projectPath
/Users/hatanakashigeru/Unity/StepAsideUnityChan
-logFile
Logs/AssetImportWorker0.log
-srvPort
58658
Successfully changed project path to: /Users/hatanakashigeru/Unity/StepAsideUnityChan
/Users/hatanakashigeru/Unity/StepAsideUnityChan
Using Asset Import Pipeline V2.
Refreshing native plugins compatible for Editor in 42.04 ms, found 2 plugins.
Preloading 0 native plugins for Editor in 0.00 ms.
Initialize engine version: 2020.3.16f1 (049d6eca3c44)
[Subsystems] Discovering subsystems at path /Users/hatanakashigeru/Unity/2020.3.16f1/Unity.app/Contents/Resources/UnitySubsystems
[Subsystems] Discovering subsystems at path /Users/hatanakashigeru/Unity/StepAsideUnityChan/Assets
GfxDevice: creating device client; threaded=0
2021-08-20 20:15:36.254 Unity[8460:382622] Color LCD preferred device: Intel(R) UHD Graphics 617 (low power)
2021-08-20 20:15:36.254 Unity[8460:382622] Metal devices available: 1
2021-08-20 20:15:36.254 Unity[8460:382622] 0: Intel(R) UHD Graphics 617 (low power)
2021-08-20 20:15:36.255 Unity[8460:382622] Using device Intel(R) UHD Graphics 617 (low power)
Initializing Metal device caps: Intel(R) UHD Graphics 617
Initialize mono
Mono path[0] = '/Users/hatanakashigeru/Unity/2020.3.16f1/Unity.app/Contents/Managed'
Mono path[1] = '/Users/hatanakashigeru/Unity/2020.3.16f1/Unity.app/Contents/MonoBleedingEdge/lib/mono/unityjit'
Mono config path = '/Users/hatanakashigeru/Unity/2020.3.16f1/Unity.app/Contents/MonoBleedingEdge/etc'
Using monoOptions --debugger-agent=transport=dt_socket,embedding=1,server=y,suspend=n,address=127.0.0.1:56460
Begin MonoManager ReloadAssembly
Registering precompiled unity dll's ...
Register platform support module: /Users/hatanakashigeru/Unity/2020.3.16f1/PlaybackEngines/WebGLSupport/UnityEditor.WebGL.Extensions.dll
Register platform support module: /Users/hatanakashigeru/Unity/2020.3.16f1/Unity.app/Contents/PlaybackEngines/MacStandaloneSupport/UnityEditor.OSXStandalone.Extensions.dll
Registered in 0.000931 seconds.
Native extension for OSXStandalone target not found
Native extension for WebGL target not found
Refreshing native plugins compatible for Editor in 37.93 ms, found 2 plugins.
Preloading 0 native plugins for Editor in 0.00 ms.
Mono: successfully reloaded assembly
- Completed reload, in  7.437 seconds
Domain Reload Profiling:
	ReloadAssembly (7437ms)
		BeginReloadAssembly (76ms)
			ExecutionOrderSort (0ms)
			DisableScriptedObjects (0ms)
			BackupInstance (0ms)
			ReleaseScriptingObjects (0ms)
			CreateAndSetChildDomain (1ms)
		EndReloadAssembly (763ms)
			LoadAssemblies (74ms)
			RebuildTransferFunctionScriptingTraits (0ms)
			SetupTypeCache (261ms)
			ReleaseScriptCaches (0ms)
			RebuildScriptCaches (49ms)
			SetupLoadedEditorAssemblies (379ms)
				LogAssemblyErrors (0ms)
				InitializePlatformSupportModulesInManaged (5ms)
				SetLoadedEditorAssemblies (0ms)
				RefreshPlugins (38ms)
				BeforeProcessingInitializeOnLoad (54ms)
				ProcessInitializeOnLoadAttributes (213ms)
				ProcessInitializeOnLoadMethodAttributes (67ms)
				AfterProcessingInitializeOnLoad (0ms)
				EditorAssembliesLoaded (0ms)
			ExecutionOrderSort2 (0ms)
			AwakeInstancesAfterBackupRestoration (0ms)
Platform modules already initialized, skipping
Registering precompiled user dll's ...
Registered in 0.005847 seconds.
Begin MonoManager ReloadAssembly
Native extension for OSXStandalone target not found
Native extension for WebGL target not found
Refreshing native plugins compatible for Editor in 0.39 ms, found 2 plugins.
Preloading 0 native plugins for Editor in 0.00 ms.
Mono: successfully reloaded assembly
- Completed reload, in  1.803 seconds
Domain Reload Profiling:
	ReloadAssembly (1804ms)
		BeginReloadAssembly (255ms)
			ExecutionOrderSort (0ms)
			DisableScriptedObjects (9ms)
			BackupInstance (0ms)
			ReleaseScriptingObjects (0ms)
			CreateAndSetChildDomain (48ms)
		EndReloadAssembly (1459ms)
			LoadAssemblies (101ms)
			RebuildTransferFunctionScriptingTraits (0ms)
			SetupTypeCache (482ms)
			ReleaseScriptCaches (1ms)
			RebuildScriptCaches (73ms)
			SetupLoadedEditorAssemblies (585ms)
				LogAssemblyErrors (0ms)
				InitializePlatformSupportModulesInManaged (8ms)
				SetLoadedEditorAssemblies (1ms)
				RefreshPlugins (0ms)
				BeforeProcessingInitializeOnLoad (85ms)
				ProcessInitializeOnLoadAttributes (474ms)
				ProcessInitializeOnLoadMethodAttributes (12ms)
				AfterProcessingInitializeOnLoad (4ms)
				EditorAssembliesLoaded (1ms)
			ExecutionOrderSort2 (0ms)
			AwakeInstancesAfterBackupRestoration (31ms)
Platform modules already initialized, skipping
========================================================================
Worker process is ready to serve import requests
Launching external process: /Users/hatanakashigeru/Unity/2020.3.16f1/Unity.app/Contents/Tools/UnityShaderCompiler
Launched and connected shader compiler UnityShaderCompiler after 0.02 seconds
Refreshing native plugins compatible for Editor in 0.41 ms, found 2 plugins.
Preloading 0 native plugins for Editor in 0.00 ms.
Unloading 1398 Unused Serialized files (Serialized files now loaded: 0)
System memory in use before: 143.0 MB.
System memory in use after: 143.1 MB.

Unloading 18 unused Assets to reduce memory usage. Loaded Objects now: 1830.
Total: 4.828878 ms (FindLiveObjects: 0.218960 ms CreateObjectMapping: 0.063085 ms MarkObjects: 4.444651 ms  DeleteObjects: 0.100640 ms)

AssetImportParameters requested are different than current active one (requested -> active):
  custom:video-decoder-ogg-theora: a1e56fd34408186e4bbccfd4996cb3dc -> 
  custom:container-muxer-webm: aa71ff27fc2769a1b78a27578f13a17b -> 
  custom:container-demuxer-webm: 4f35f7cbe854078d1ac9338744f61a02 -> 
  custom:container-demuxer-ogg: 62fdf1f143b41e24485cea50d1cbac27 -> 
  custom:video-encoder-webm-vp8: eb34c28f22e8b96e1ab97ce403110664 -> 
  custom:framework-osx-AVFoundation: e770b220cccbd017edd2c1fefb359320 -> 
  custom:video-decoder-webm-vp8: 9c59270c3fd7afecdb556c50c9e8de78 -> 
  custom:audio-decoder-ogg-vorbis: bf7c407c2cedff20999df2af8eb42d56 -> 
  custom:audio-encoder-webm-vorbis: bf7c407c2cedff20999df2af8eb42d56 -> 
========================================================================
Received Import Request.
  path: Assets/rbutton.png
  artifactKey: Guid(02d80e5291d094078a9027a50d409850) Importer(815301076,1909f56bfc062723c751e8b465ee728b)
Start importing Assets/rbutton.png using Guid(02d80e5291d094078a9027a50d409850) Importer(815301076,1909f56bfc062723c751e8b465ee728b)  -> (artifact id: '019b6981fb3d074cb3c31b82daa292f1') in 1.771983 seconds 
  Import took 1.775875 seconds .

========================================================================
Received Import Request.
  Time since last request: 0.000363 seconds.
  path: Assets/coin.fbx
  artifactKey: Guid(582242b752fe94e608eaba2a95044201) Importer(815301076,1909f56bfc062723c751e8b465ee728b)
Start importing Assets/coin.fbx using Guid(582242b752fe94e608eaba2a95044201) Importer(815301076,1909f56bfc062723c751e8b465ee728b)  -> (artifact id: 'c842ef211904e46a1d34e57a0d51c337') in 2.272346 seconds 
  Import took 2.275460 seconds .

========================================================================
Received Import Request.
  Time since last request: 0.000314 seconds.
  path: Assets/jbutton.png
  artifactKey: Guid(ce9ccc0f9f8d442a2851aa3722453eb8) Importer(815301076,1909f56bfc062723c751e8b465ee728b)
Start importing Assets/jbutton.png using Guid(ce9ccc0f9f8d442a2851aa3722453eb8) Importer(815301076,1909f56bfc062723c751e8b465ee728b)  -> (artifact id: '667e6dded7ccba6f973a08e4eb1baee5') in 0.014803 seconds 
  Import took 0.017790 seconds .

========================================================================
Received Import Request.
  Time since last request: 0.000310 seconds.
  path: Assets/lbutton.png
  artifactKey: Guid(406d4983f360b45c2bae2844d051f533) Importer(815301076,1909f56bfc062723c751e8b465ee728b)
Start importing Assets/lbutton.png using Guid(406d4983f360b45c2bae2844d051f533) Importer(815301076,1909f56bfc062723c751e8b465ee728b)  -> (artifact id: '041f15fc31e2d091b70610557aa52de1') in 0.020973 seconds 
  Import took 0.024686 seconds .

========================================================================
Received Import Request.
  Time since last request: 0.000403 seconds.
  path: Assets/road.fbx
  artifactKey: Guid(c1a0c286b0cbe4b9c94ced25f6e3b786) Importer(815301076,1909f56bfc062723c751e8b465ee728b)
Start importing Assets/road.fbx using Guid(c1a0c286b0cbe4b9c94ced25f6e3b786) Importer(815301076,1909f56bfc062723c751e8b465ee728b)  -> (artifact id: '835c737df30e4f9c8e0e45cb3d705e31') in 0.106346 seconds 
  Import took 0.110232 seconds .

========================================================================
Received Import Request.
  Time since last request: 0.000305 seconds.
  path: Assets/road.png
  artifactKey: Guid(dc11136ea21664322988974624cd75de) Importer(815301076,1909f56bfc062723c751e8b465ee728b)
Start importing Assets/road.png using Guid(dc11136ea21664322988974624cd75de) Importer(815301076,1909f56bfc062723c751e8b465ee728b)  -> (artifact id: 'c150046e76b231c3aba3dabe390d53fc') in 0.033670 seconds 
  Import took 0.036520 seconds .

========================================================================
Received Prepare
Registering precompiled user dll's ...
Registered in 0.007755 seconds.
Begin MonoManager ReloadAssembly
Native extension for OSXStandalone target not found
Native extension for WebGL target not found
Refreshing native plugins compatible for Editor in 0.62 ms, found 2 plugins.
Preloading 0 native plugins for Editor in 0.00 ms.
Mono: successfully reloaded assembly
- Completed reload, in  4.001 seconds
Domain Reload Profiling:
	ReloadAssembly (4006ms)
		BeginReloadAssembly (952ms)
			ExecutionOrderSort (0ms)
			DisableScriptedObjects (45ms)
			BackupInstance (0ms)
			ReleaseScriptingObjects (0ms)
			CreateAndSetChildDomain (445ms)
		EndReloadAssembly (2344ms)
			LoadAssemblies (357ms)
			RebuildTransferFunctionScriptingTraits (0ms)
			SetupTypeCache (970ms)
			ReleaseScriptCaches (1ms)
			RebuildScriptCaches (109ms)
			SetupLoadedEditorAssemblies (714ms)
				LogAssemblyErrors (0ms)
				InitializePlatformSupportModulesInManaged (13ms)
				SetLoadedEditorAssemblies (2ms)
				RefreshPlugins (1ms)
				BeforeProcessingInitializeOnLoad (137ms)
				ProcessInitializeOnLoadAttributes (551ms)
				ProcessInitializeOnLoadMethodAttributes (7ms)
				AfterProcessingInitializeOnLoad (3ms)
				EditorAssembliesLoaded (1ms)
			ExecutionOrderSort2 (0ms)
			AwakeInstancesAfterBackupRestoration (15ms)
Platform modules already initialized, skipping
Switching build target platform(2) subTarget(0) extendedPlatform(0) -> platform(9) subTarget(16777218) extendedPlatform(0)
Refreshing native plugins compatible for Editor in 0.76 ms, found 2 plugins.
Preloading 0 native plugins for Editor in 0.00 ms.
Unloading 1420 Unused Serialized files (Serialized files now loaded: 0)
System memory in use before: 163.2 MB.
System memory in use after: 159.3 MB.

Unloading 25 unused Assets to reduce memory usage. Loaded Objects now: 1893.
Total: 23.208636 ms (FindLiveObjects: 0.258057 ms CreateObjectMapping: 0.077257 ms MarkObjects: 5.792792 ms  DeleteObjects: 17.077112 ms)

AssetImportParameters requested are different than current active one (requested -> active):
  custom:video-decoder-ogg-theora: a1e56fd34408186e4bbccfd4996cb3dc -> 
  custom:container-muxer-webm: aa71ff27fc2769a1b78a27578f13a17b -> 
  custom:container-demuxer-webm: 4f35f7cbe854078d1ac9338744f61a02 -> 
  custom:container-demuxer-ogg: 62fdf1f143b41e24485cea50d1cbac27 -> 
  custom:video-encoder-webm-vp8: eb34c28f22e8b96e1ab97ce403110664 -> 
  custom:framework-osx-AVFoundation: e770b220cccbd017edd2c1fefb359320 -> 
  custom:video-decoder-webm-vp8: 9c59270c3fd7afecdb556c50c9e8de78 -> 
  custom:graphics/normal-map-encoding: 01000000000000000000000000000000 -> 02000000000000000000000000000000
  custom:audio-decoder-ogg-vorbis: bf7c407c2cedff20999df2af8eb42d56 -> 
  custom:audio-encoder-webm-vorbis: bf7c407c2cedff20999df2af8eb42d56 -> 
